#
# A fatal error has been detected by the Java Runtime Environment:
#
#  EXCEPTION_ACCESS_VIOLATION (0xc0000005) at pc=0x000000006ac0d76b, pid=11044, tid=8992
#
# JRE version: 7.0_11-b21
# Java VM: Java HotSpot(TM) 64-Bit Server VM (23.6-b04 mixed mode windows-amd64 compressed oops)
# Problematic frame:
# V  [jvm.dll+0x11d76b]
#
# Failed to write core dump. Minidumps are not enabled by default on client versions of Windows
#
# If you would like to submit a bug report, please visit:
#   http://bugreport.sun.com/bugreport/crash.jsp
#

---------------  T H R E A D  ---------------

Current thread (0x000000000bac1000):  JavaThread "JDWP Transport Listener: dt_socket" daemon [_thread_in_vm, id=8992, stack(0x000000000d450000,0x000000000d550000)]

siginfo: ExceptionCode=0xc0000005, reading address 0xffffffffffffffff

Registers:
RAX=0x000000000d54f601, RBX=0x000000000bac1000, RCX=0x4b543c6500003b73, RDX=0x000000000bac1000
RSP=0x000000000d54f5e0, RBP=0x4b543c6500003b73, RSI=0x000000000d54f6f8, RDI=0x000000000260aa20
R8 =0x000000000d54f6f8, R9 =0x000ae9260ba20117, R10=0x0000000000000000, R11=0x00000000103a2622
R12=0x0000000000000000, R13=0x0000000000000000, R14=0x0000000000000000, R15=0x0000000000000000
RIP=0x000000006ac0d76b, EFLAGS=0x0000000000010202

Top of Stack: (sp=0x000000000d54f5e0)
0x000000000d54f5e0:   000000000bac1000 000000000bab8d30
0x000000000d54f5f0:   000000000d54f6a8 000000006ad94009
0x000000000d54f600:   000000000bac1000 000000006adaf9d2
0x000000000d54f610:   0000000000000000 000000000bac1000
0x000000000d54f620:   000000000badb868 000000006b2d264e
0x000000000d54f630:   000000000bac1000 0000000000000000
0x000000000d54f640:   0000000000000000 0000000000000000
0x000000000d54f650:   4b543c6500003b73 000000006b2d1745
0x000000000d54f660:   000000000d54f6f8 000000000d54f6d0
0x000000000d54f670:   0000000000000001 000000000badb868
0x000000000d54f680:   4b543c6500003b73 000000006b2b53b3
0x000000000d54f690:   000000000d54f7c0 0000000000000001
0x000000000d54f6a0:   0000000000000001 000000000badb868
0x000000000d54f6b0:   0000000000000001 0000000000000000
0x000000000d54f6c0:   0000000000000000 0000000000000000
0x000000000d54f6d0:   0000000000000001 000000006b2b5571 

Instructions: (pc=0x000000006ac0d76b)
0x000000006ac0d74b:   48 8b 5c 24 30 48 89 47 18 48 83 c4 20 5f c3 cc
0x000000006ac0d75b:   cc cc cc cc cc 40 53 48 83 ec 20 48 85 c9 74 54
0x000000006ac0d76b:   48 8b 19 48 85 db 74 4c 48 b8 fe fe fe fe fe fe
0x000000006ac0d77b:   fe fe 48 3b d8 74 3d 80 3d 5f e5 58 00 00 74 15 


Register to memory mapping:

RAX=0x000000000d54f601 is pointing into the stack for thread: 0x000000000bac1000
RBX=0x000000000bac1000 is a thread
RCX=0x4b543c6500003b73 is an unknown value
RDX=0x000000000bac1000 is a thread
RSP=0x000000000d54f5e0 is pointing into the stack for thread: 0x000000000bac1000
RBP=0x4b543c6500003b73 is an unknown value
RSI=0x000000000d54f6f8 is pointing into the stack for thread: 0x000000000bac1000
RDI=0x000000000260aa20 is an unknown value
R8 =0x000000000d54f6f8 is pointing into the stack for thread: 0x000000000bac1000
R9 =0x000ae9260ba20117 is an unknown value
R10=0x0000000000000000 is an unknown value
R11=0x00000000103a2622 is an unknown value
R12=0x0000000000000000 is an unknown value
R13=0x0000000000000000 is an unknown value
R14=0x0000000000000000 is an unknown value
R15=0x0000000000000000 is an unknown value


Stack: [0x000000000d450000,0x000000000d550000],  sp=0x000000000d54f5e0,  free space=1021k
Native frames: (J=compiled Java code, j=interpreted, Vv=VM code, C=native code)
V  [jvm.dll+0x11d76b]


---------------  P R O C E S S  ---------------

Java Threads: ( => current thread )
  0x000000000e0d7800 JavaThread "qtp332717437-30" [_thread_blocked, id=6552, stack(0x0000000012cf0000,0x0000000012df0000)]
  0x000000000f8cb000 JavaThread "JDWP Command Reader" daemon [_thread_in_native, id=10548, stack(0x0000000013200000,0x0000000013300000)]
  0x000000000e0d6000 JavaThread "Abandoned connection cleanup thread" daemon [_thread_blocked, id=9076, stack(0x0000000012e80000,0x0000000012f80000)]
  0x000000000e0d5800 JavaThread "C3P0PooledConnectionPoolManager[identityToken->1hgekq296u1xnibagz2nz|7783ae27]-HelperThread-#2" daemon [_thread_blocked, id=9220, stack(0x0000000012930000,0x0000000012a30000)]
  0x000000000e0d4800 JavaThread "C3P0PooledConnectionPoolManager[identityToken->1hgekq296u1xnibagz2nz|7783ae27]-HelperThread-#1" daemon [_thread_blocked, id=6960, stack(0x0000000012bc0000,0x0000000012cc0000)]
  0x000000000f0b0000 JavaThread "C3P0PooledConnectionPoolManager[identityToken->1hgekq296u1xnibagz2nz|7783ae27]-HelperThread-#0" daemon [_thread_blocked, id=7832, stack(0x0000000012a50000,0x0000000012b50000)]
  0x0000000011520000 JavaThread "C3P0PooledConnectionPoolManager[identityToken->1hgekq296u1xnibagz2nz|7783ae27]-AdminTaskTimer" daemon [_thread_blocked, id=10384, stack(0x0000000012830000,0x0000000012930000)]
  0x000000000ec82800 JavaThread "qtp332717437-22" [_thread_blocked, id=10444, stack(0x0000000012610000,0x0000000012710000)]
  0x000000000f968800 JavaThread "qtp332717437-21" [_thread_blocked, id=9928, stack(0x0000000011130000,0x0000000011230000)]
  0x0000000010455800 JavaThread "qtp332717437-20" [_thread_blocked, id=10668, stack(0x00000000124a0000,0x00000000125a0000)]
  0x000000000f91b000 JavaThread "qtp332717437-18" [_thread_blocked, id=10800, stack(0x0000000012350000,0x0000000012450000)]
  0x0000000011a09800 JavaThread "qtp332717437-17 Acceptor0 SelectChannelConnector@0.0.0.0:8080" [_thread_in_native, id=3084, stack(0x0000000012200000,0x0000000012300000)]
  0x0000000011a31800 JavaThread "qtp332717437-16" [_thread_blocked, id=8156, stack(0x0000000010ff0000,0x00000000110f0000)]
  0x000000000ebeb000 JavaThread "qtp332717437-15 Selector0" [_thread_in_native, id=9760, stack(0x00000000109b0000,0x0000000010ab0000)]
  0x000000000e562000 JavaThread "HashSessionScavenger-0" daemon [_thread_blocked, id=6396, stack(0x0000000010890000,0x0000000010990000)]
  0x000000000bae9000 JavaThread "Service Thread" daemon [_thread_blocked, id=1420, stack(0x000000000d970000,0x000000000da70000)]
  0x000000000bae5000 JavaThread "C2 CompilerThread1" daemon [_thread_blocked, id=2808, stack(0x000000000d7a0000,0x000000000d8a0000)]
  0x000000000bad7000 JavaThread "C2 CompilerThread0" daemon [_thread_blocked, id=5392, stack(0x000000000d610000,0x000000000d710000)]
  0x000000000bacc800 JavaThread "JDWP Event Helper Thread" daemon [_thread_blocked, id=11212, stack(0x000000000cfd0000,0x000000000d0d0000)]
=>0x000000000bac1000 JavaThread "JDWP Transport Listener: dt_socket" daemon [_thread_in_vm, id=8992, stack(0x000000000d450000,0x000000000d550000)]
  0x000000000babe800 JavaThread "Attach Listener" daemon [_thread_blocked, id=2364, stack(0x000000000d0f0000,0x000000000d1f0000)]
  0x000000000bab7000 JavaThread "Signal Dispatcher" daemon [_thread_blocked, id=8324, stack(0x000000000ce40000,0x000000000cf40000)]
  0x0000000002574000 JavaThread "Finalizer" daemon [_thread_blocked, id=9504, stack(0x000000000ccf0000,0x000000000cdf0000)]
  0x0000000002572000 JavaThread "Reference Handler" daemon [_thread_blocked, id=9704, stack(0x000000000cb50000,0x000000000cc50000)]
  0x00000000024b8000 JavaThread "main" [_thread_blocked, id=7588, stack(0x0000000002960000,0x0000000002a60000)]

Other Threads:
  0x000000000ba11800 VMThread [stack: 0x000000000ca10000,0x000000000cb10000] [id=5752]
  0x000000000baf4000 WatcherThread [stack: 0x000000000d210000,0x000000000d310000] [id=5584]

VM state:not at safepoint (normal execution)

VM Mutex/Monitor currently owned by a thread: None

Heap
 PSYoungGen      total 235264K, used 203915K [0x00000007d5eb0000, 0x00000007e7460000, 0x0000000800000000)
  eden space 203456K, 84% used [0x00000007d5eb0000,0x00000007e06c8840,0x00000007e2560000)
  from space 31808K, 99% used [0x00000007e5550000,0x00000007e745a758,0x00000007e7460000)
  to   space 40448K, 0% used [0x00000007e2560000,0x00000007e2560000,0x00000007e4ce0000)
 ParOldGen       total 86144K, used 52516K [0x0000000781c00000, 0x0000000787020000, 0x00000007d5eb0000)
  object space 86144K, 60% used [0x0000000781c00000,0x0000000784f49040,0x0000000787020000)
 PSPermGen       total 41408K, used 41266K [0x000000077ca00000, 0x000000077f270000, 0x0000000781c00000)
  object space 41408K, 99% used [0x000000077ca00000,0x000000077f24c860,0x000000077f270000)

Card table byte_map: [0x0000000005a60000,0x0000000005e80000] byte_map_base: 0x0000000001e7b000

Polling page: 0x00000000001c0000

Code Cache  [0x0000000002a60000, 0x0000000002ee0000, 0x0000000005a60000)
 total_blobs=1554 nmethods=1150 adapters=362 free_code_cache=44623Kb largest_free_block=45633792

Compilation events (10 events):
Event: 9644.641 Thread 0x000000000bae5000 1266             org.apache.velocity.runtime.parser.node.NodeUtils::getSpecialText (199 bytes)
Event: 9644.650 Thread 0x000000000bae5000 nmethod 1266 0x0000000002e72750 code [0x0000000002e728e0, 0x0000000002e72eb0]
Event: 9873.725 Thread 0x000000000bad7000 1267             java.util.Calendar::setFieldsNormalized (65 bytes)
Event: 9873.731 Thread 0x000000000bad7000 nmethod 1267 0x0000000002ccd8d0 code [0x0000000002ccda20, 0x0000000002ccde38]
Event: 9873.739 Thread 0x000000000bae5000 1268             java.util.Calendar::clear (54 bytes)
Event: 9873.742 Thread 0x000000000bae5000 nmethod 1268 0x0000000002dea550 code [0x0000000002dea6a0, 0x0000000002dea978]
Event: 9875.140 Thread 0x000000000bad7000 1269             org.apache.velocity.runtime.parser.node.ASTBlock::render (35 bytes)
Event: 9875.141 Thread 0x000000000bad7000 nmethod 1269 0x0000000002b03350 code [0x0000000002b034a0, 0x0000000002b035d8]
Event: 10095.484 Thread 0x000000000bae5000 1270   !         sun.net.util.IPAddressUtil::textToNumericFormatV4 (402 bytes)
Event: 10095.492 Thread 0x000000000bae5000 nmethod 1270 0x0000000002dfecd0 code [0x0000000002dfeea0, 0x0000000002dff460]

GC Heap History (10 events):
Event: 14.316 GC heap before
{Heap before GC invocations=8 (full 0):
 PSYoungGen      total 138880K, used 137821K [0x00000007d5eb0000, 0x00000007e71b0000, 0x0000000800000000)
  eden space 123392K, 100% used [0x00000007d5eb0000,0x00000007dd730000,0x00000007dd730000)
  from space 15488K, 93% used [0x00000007dd730000,0x00000007de5475c0,0x00000007de650000)
  to   space 17408K, 0% used [0x00000007e60b0000,0x00000007e60b0000,0x00000007e71b0000)
 ParOldGen       total 86144K, used 19168K [0x0000000781c00000, 0x0000000787020000, 0x00000007d5eb0000)
  object space 86144K, 22% used [0x0000000781c00000,0x0000000782eb80a0,0x0000000787020000)
 PSPermGen       total 33536K, used 33351K [0x000000077ca00000, 0x000000077eac0000, 0x0000000781c00000)
  object space 33536K, 99% used [0x000000077ca00000,0x000000077ea91f28,0x000000077eac0000)
Event: 14.347 GC heap after
Heap after GC invocations=8 (full 0):
 PSYoungGen      total 260608K, used 17396K [0x00000007d5eb0000, 0x00000007e78b0000, 0x0000000800000000)
  eden space 243200K, 0% used [0x00000007d5eb0000,0x00000007d5eb0000,0x00000007e4c30000)
  from space 17408K, 99% used [0x00000007e60b0000,0x00000007e71ad360,0x00000007e71b0000)
  to   space 20992K, 0% used [0x00000007e4c30000,0x00000007e4c30000,0x00000007e60b0000)
 ParOldGen       total 86144K, used 21602K [0x0000000781c00000, 0x0000000787020000, 0x00000007d5eb0000)
  object space 86144K, 25% used [0x0000000781c00000,0x0000000783118b30,0x0000000787020000)
 PSPermGen       total 33536K, used 33351K [0x000000077ca00000, 0x000000077eac0000, 0x0000000781c00000)
  object space 33536K, 99% used [0x000000077ca00000,0x000000077ea91f28,0x000000077eac0000)
}
Event: 937.972 GC heap before
{Heap before GC invocations=9 (full 0):
 PSYoungGen      total 260608K, used 260596K [0x00000007d5eb0000, 0x00000007e78b0000, 0x0000000800000000)
  eden space 243200K, 100% used [0x00000007d5eb0000,0x00000007e4c30000,0x00000007e4c30000)
  from space 17408K, 99% used [0x00000007e60b0000,0x00000007e71ad360,0x00000007e71b0000)
  to   space 20992K, 0% used [0x00000007e4c30000,0x00000007e4c30000,0x00000007e60b0000)
 ParOldGen       total 86144K, used 21602K [0x0000000781c00000, 0x0000000787020000, 0x00000007d5eb0000)
  object space 86144K, 25% used [0x0000000781c00000,0x0000000783118b30,0x0000000787020000)
 PSPermGen       total 39872K, used 39861K [0x000000077ca00000, 0x000000077f0f0000, 0x0000000781c00000)
  object space 39872K, 99% used [0x000000077ca00000,0x000000077f0ed7d8,0x000000077f0f0000)
Event: 938.020 GC heap after
Heap after GC invocations=9 (full 0):
 PSYoungGen      total 253504K, used 20971K [0x00000007d5eb0000, 0x00000007e7b40000, 0x0000000800000000)
  eden space 232512K, 0% used [0x00000007d5eb0000,0x00000007d5eb0000,0x00000007e41c0000)
  from space 20992K, 99% used [0x00000007e4c30000,0x00000007e60aadd8,0x00000007e60b0000)
  to   space 27200K, 0% used [0x00000007e60b0000,0x00000007e60b0000,0x00000007e7b40000)
 ParOldGen       total 86144K, used 34947K [0x0000000781c00000, 0x0000000787020000, 0x00000007d5eb0000)
  object space 86144K, 40% used [0x0000000781c00000,0x0000000783e20d90,0x0000000787020000)
 PSPermGen       total 39872K, used 39861K [0x000000077ca00000, 0x000000077f0f0000, 0x0000000781c00000)
  object space 39872K, 99% used [0x000000077ca00000,0x000000077f0ed7d8,0x000000077f0f0000)
}
Event: 1951.345 GC heap before
{Heap before GC invocations=10 (full 0):
 PSYoungGen      total 253504K, used 253483K [0x00000007d5eb0000, 0x00000007e7b40000, 0x0000000800000000)
  eden space 232512K, 100% used [0x00000007d5eb0000,0x00000007e41c0000,0x00000007e41c0000)
  from space 20992K, 99% used [0x00000007e4c30000,0x00000007e60aadd8,0x00000007e60b0000)
  to   space 27200K, 0% used [0x00000007e60b0000,0x00000007e60b0000,0x00000007e7b40000)
 ParOldGen       total 86144K, used 34947K [0x0000000781c00000, 0x0000000787020000, 0x00000007d5eb0000)
  object space 86144K, 40% used [0x0000000781c00000,0x0000000783e20d90,0x0000000787020000)
 PSPermGen       total 40064K, used 40035K [0x000000077ca00000, 0x000000077f120000, 0x0000000781c00000)
  object space 40064K, 99% used [0x000000077ca00000,0x000000077f118cb8,0x000000077f120000)
Event: 1951.402 GC heap after
Heap after GC invocations=10 (full 0):
 PSYoungGen      total 240128K, used 17731K [0x00000007d5eb0000, 0x00000007e7210000, 0x0000000800000000)
  eden space 222336K, 0% used [0x00000007d5eb0000,0x00000007d5eb0000,0x00000007e37d0000)
  from space 17792K, 99% used [0x00000007e60b0000,0x00000007e7200f20,0x00000007e7210000)
  to   space 29440K, 0% used [0x00000007e3890000,0x00000007e3890000,0x00000007e5550000)
 ParOldGen       total 86144K, used 44797K [0x0000000781c00000, 0x0000000787020000, 0x00000007d5eb0000)
  object space 86144K, 52% used [0x0000000781c00000,0x00000007847bf400,0x0000000787020000)
 PSPermGen       total 40064K, used 40035K [0x000000077ca00000, 0x000000077f120000, 0x0000000781c00000)
  object space 40064K, 99% used [0x000000077ca00000,0x000000077f118cb8,0x000000077f120000)
}
Event: 4222.460 GC heap before
{Heap before GC invocations=11 (full 0):
 PSYoungGen      total 240128K, used 240067K [0x00000007d5eb0000, 0x00000007e7210000, 0x0000000800000000)
  eden space 222336K, 100% used [0x00000007d5eb0000,0x00000007e37d0000,0x00000007e37d0000)
  from space 17792K, 99% used [0x00000007e60b0000,0x00000007e7200f20,0x00000007e7210000)
  to   space 29440K, 0% used [0x00000007e3890000,0x00000007e3890000,0x00000007e5550000)
 ParOldGen       total 86144K, used 44797K [0x0000000781c00000, 0x0000000787020000, 0x00000007d5eb0000)
  object space 86144K, 52% used [0x0000000781c00000,0x00000007847bf400,0x0000000787020000)
 PSPermGen       total 40256K, used 40106K [0x000000077ca00000, 0x000000077f150000, 0x0000000781c00000)
  object space 40256K, 99% used [0x000000077ca00000,0x000000077f12a8d0,0x000000077f150000)
Event: 4222.548 GC heap after
Heap after GC invocations=11 (full 0):
 PSYoungGen      total 242112K, used 29416K [0x00000007d5eb0000, 0x00000007e7460000, 0x0000000800000000)
  eden space 212672K, 0% used [0x00000007d5eb0000,0x00000007d5eb0000,0x00000007e2e60000)
  from space 29440K, 99% used [0x00000007e3890000,0x00000007e554a240,0x00000007e5550000)
  to   space 31808K, 0% used [0x00000007e5550000,0x00000007e5550000,0x00000007e7460000)
 ParOldGen       total 86144K, used 50533K [0x0000000781c00000, 0x0000000787020000, 0x00000007d5eb0000)
  object space 86144K, 58% used [0x0000000781c00000,0x0000000784d594d8,0x0000000787020000)
 PSPermGen       total 40256K, used 40106K [0x000000077ca00000, 0x000000077f150000, 0x0000000781c00000)
  object space 40256K, 99% used [0x000000077ca00000,0x000000077f12a8d0,0x000000077f150000)
}
Event: 6631.743 GC heap before
{Heap before GC invocations=12 (full 0):
 PSYoungGen      total 242112K, used 242088K [0x00000007d5eb0000, 0x00000007e7460000, 0x0000000800000000)
  eden space 212672K, 100% used [0x00000007d5eb0000,0x00000007e2e60000,0x00000007e2e60000)
  from space 29440K, 99% used [0x00000007e3890000,0x00000007e554a240,0x00000007e5550000)
  to   space 31808K, 0% used [0x00000007e5550000,0x00000007e5550000,0x00000007e7460000)
 ParOldGen       total 86144K, used 50533K [0x0000000781c00000, 0x0000000787020000, 0x00000007d5eb0000)
  object space 86144K, 58% used [0x0000000781c00000,0x0000000784d594d8,0x0000000787020000)
 PSPermGen       total 40256K, used 40185K [0x000000077ca00000, 0x000000077f150000, 0x0000000781c00000)
  object space 40256K, 99% used [0x000000077ca00000,0x000000077f13e4a8,0x000000077f150000)
Event: 6631.796 GC heap after
Heap after GC invocations=12 (full 0):
 PSYoungGen      total 235264K, used 31785K [0x00000007d5eb0000, 0x00000007e7460000, 0x0000000800000000)
  eden space 203456K, 0% used [0x00000007d5eb0000,0x00000007d5eb0000,0x00000007e2560000)
  from space 31808K, 99% used [0x00000007e5550000,0x00000007e745a758,0x00000007e7460000)
  to   space 40448K, 0% used [0x00000007e2560000,0x00000007e2560000,0x00000007e4ce0000)
 ParOldGen       total 86144K, used 52516K [0x0000000781c00000, 0x0000000787020000, 0x00000007d5eb0000)
  object space 86144K, 60% used [0x0000000781c00000,0x0000000784f49040,0x0000000787020000)
 PSPermGen       total 40256K, used 40185K [0x000000077ca00000, 0x000000077f150000, 0x0000000781c00000)
  object space 40256K, 99% used [0x000000077ca00000,0x000000077f13e4a8,0x000000077f150000)
}

Deoptimization events (10 events):
Event: 10773.288 Thread 0x000000000e0d4800 Uncommon trap -89 fr.pc 0x0000000002dcfe74
Event: 10775.791 Thread 0x000000000f0b0000 Uncommon trap -89 fr.pc 0x0000000002dcfe74
Event: 10780.789 Thread 0x000000000e0d5800 Uncommon trap -89 fr.pc 0x0000000002dcfe74
Event: 10785.790 Thread 0x000000000f0b0000 Uncommon trap -89 fr.pc 0x0000000002dcfe74
Event: 10788.292 Thread 0x000000000e0d5800 Uncommon trap -89 fr.pc 0x0000000002dcfe74
Event: 10790.807 Thread 0x000000000e0d5800 Uncommon trap -89 fr.pc 0x0000000002dcfe74
Event: 10795.815 Thread 0x000000000e0d4800 Uncommon trap -89 fr.pc 0x0000000002dcfe74
Event: 10798.316 Thread 0x000000000e0d5800 Uncommon trap -89 fr.pc 0x0000000002dcfe74
Event: 10800.820 Thread 0x000000000e0d4800 Uncommon trap -89 fr.pc 0x0000000002dcfe74
Event: 10805.825 Thread 0x000000000f0b0000 Uncommon trap -89 fr.pc 0x0000000002dcfe74

Internal exceptions (10 events):
Event: 1288.145 Thread 0x0000000010455800 Threw 0x00000007dcd914b0 at C:\jdk7u1_64p\jdk7u11\hotspot\src\share\vm\prims\jni.cpp:716
Event: 1927.256 Thread 0x000000000ec82800 Threw 0x00000007e2f8bff8 at C:\jdk7u1_64p\jdk7u11\hotspot\src\share\vm\prims\jni.cpp:716
Event: 2186.695 Thread 0x000000000ebeb000 Implicit null exception at 0x0000000002d578d0 to 0x0000000002d587cd
Event: 2448.567 Thread 0x000000000f91b000 Implicit null exception at 0x0000000002cd9408 to 0x0000000002cd9815
Event: 2457.884 Thread 0x000000000ec82800 Threw 0x00000007db5d00e8 at C:\jdk7u1_64p\jdk7u11\hotspot\src\share\vm\prims\jni.cpp:716
Event: 2459.177 Thread 0x000000000f91b000 Threw 0x00000007dbab6e70 at C:\jdk7u1_64p\jdk7u11\hotspot\src\share\vm\prims\jni.cpp:716
Event: 3077.689 Thread 0x000000000f968800 Threw 0x00000007dd234ed0 at C:\jdk7u1_64p\jdk7u11\hotspot\src\share\vm\prims\jni.cpp:716
Event: 5140.145 Thread 0x000000000e0d7800 Threw 0x00000007dd7a2148 at C:\jdk7u1_64p\jdk7u11\hotspot\src\share\vm\prims\jvm.cpp:1166
Event: 5357.335 Thread 0x000000000ec82800 Threw 0x00000007dfcb2540 at C:\jdk7u1_64p\jdk7u11\hotspot\src\share\vm\prims\jni.cpp:716
Event: 9875.100 Thread 0x000000000f91b000 Implicit null exception at 0x0000000002dcdc16 to 0x0000000002dce7c5

Events (10 events):
Event: 10798.316 Thread 0x000000000e0d5800 DEOPT PACKING pc=0x0000000002dcfe74 sp=0x0000000012a2e950
Event: 10798.316 Thread 0x000000000e0d5800 DEOPT UNPACKING pc=0x0000000002a99164 sp=0x0000000012a2e908 mode 2
Event: 10800.820 Thread 0x000000000e0d4800 DEOPT PACKING pc=0x0000000002dcfe74 sp=0x0000000012cbe480
Event: 10800.820 Thread 0x000000000e0d4800 DEOPT UNPACKING pc=0x0000000002a99164 sp=0x0000000012cbe438 mode 2
Event: 10805.820 Executing VM operation: RevokeBias
Event: 10805.820 Executing VM operation: RevokeBias done
Event: 10805.825 Thread 0x000000000f0b0000 DEOPT PACKING pc=0x0000000002dcfe74 sp=0x0000000012b4e4e0
Event: 10805.825 Thread 0x000000000f0b0000 DEOPT UNPACKING pc=0x0000000002a99164 sp=0x0000000012b4e498 mode 2
Event: 10806.501 Executing VM operation: RedefineClasses
Event: 10806.510 Executing VM operation: RedefineClasses done


Dynamic libraries:
0x000000013f3f0000 - 0x000000013f423000 	D:\JavaTools\JDK\jdk1.7_11x64\bin\java.exe
0x0000000077860000 - 0x0000000077a09000 	C:\Windows\SYSTEM32\ntdll.dll
0x0000000077740000 - 0x000000007785f000 	C:\Windows\system32\kernel32.dll
0x000007fefd8e0000 - 0x000007fefd94b000 	C:\Windows\system32\KERNELBASE.dll
0x000007feffa90000 - 0x000007feffb6b000 	C:\Windows\system32\ADVAPI32.dll
0x000007feff3f0000 - 0x000007feff48f000 	C:\Windows\system32\msvcrt.dll
0x000007fefda70000 - 0x000007fefda8f000 	C:\Windows\SYSTEM32\sechost.dll
0x000007fefdd90000 - 0x000007fefdebd000 	C:\Windows\system32\RPCRT4.dll
0x0000000077640000 - 0x000000007773a000 	C:\Windows\system32\USER32.dll
0x000007fefdd00000 - 0x000007fefdd67000 	C:\Windows\system32\GDI32.dll
0x000007fefe150000 - 0x000007fefe15e000 	C:\Windows\system32\LPK.dll
0x000007feff320000 - 0x000007feff3e9000 	C:\Windows\system32\USP10.dll
0x000007fefc740000 - 0x000007fefc934000 	C:\Windows\WinSxS\amd64_microsoft.windows.common-controls_6595b64144ccf1df_6.0.7601.17514_none_fa396087175ac9ac\COMCTL32.dll
0x000007fefe3d0000 - 0x000007fefe441000 	C:\Windows\system32\SHLWAPI.dll
0x000007fefe160000 - 0x000007fefe18e000 	C:\Windows\system32\IMM32.DLL
0x000007fefdbf0000 - 0x000007fefdcf9000 	C:\Windows\system32\MSCTF.dll
0x0000000051860000 - 0x0000000051931000 	D:\JavaTools\JDK\jdk1.7_11x64\jre\bin\msvcr100.dll
0x000000006aaf0000 - 0x000000006b20f000 	D:\JavaTools\JDK\jdk1.7_11x64\jre\bin\server\jvm.dll
0x000007fef7f30000 - 0x000007fef7f39000 	C:\Windows\system32\WSOCK32.dll
0x000007feff6d0000 - 0x000007feff71d000 	C:\Windows\system32\WS2_32.dll
0x000007feff6c0000 - 0x000007feff6c8000 	C:\Windows\system32\NSI.dll
0x000007fefb440000 - 0x000007fefb47b000 	C:\Windows\system32\WINMM.dll
0x0000000077a30000 - 0x0000000077a37000 	C:\Windows\system32\PSAPI.DLL
0x0000000069180000 - 0x000000006918f000 	D:\JavaTools\JDK\jdk1.7_11x64\jre\bin\verify.dll
0x0000000069150000 - 0x0000000069178000 	D:\JavaTools\JDK\jdk1.7_11x64\jre\bin\java.dll
0x000000006b2b0000 - 0x000000006b2e5000 	D:\JavaTools\JDK\jdk1.7_11x64\jre\bin\jdwp.dll
0x0000000073fb0000 - 0x0000000073fb8000 	D:\JavaTools\JDK\jdk1.7_11x64\jre\bin\npt.dll
0x0000000068540000 - 0x0000000068555000 	D:\JavaTools\JDK\jdk1.7_11x64\jre\bin\zip.dll
0x0000000073fc0000 - 0x0000000073fc9000 	D:\JavaTools\JDK\jdk1.7_11x64\jre\bin\dt_socket.dll
0x000007fefceb0000 - 0x000007fefcf05000 	C:\Windows\system32\mswsock.dll
0x000007fefc1d0000 - 0x000007fefc1d7000 	C:\Windows\System32\wshtcpip.dll
0x0000000067570000 - 0x0000000067589000 	D:\JavaTools\JDK\jdk1.7_11x64\jre\bin\net.dll
0x000007fefcea0000 - 0x000007fefcea7000 	C:\Windows\System32\wship6.dll
0x0000000066fb0000 - 0x0000000066fc1000 	D:\JavaTools\JDK\jdk1.7_11x64\jre\bin\nio.dll
0x000007fefd5c0000 - 0x000007fefd617000 	C:\Windows\system32\apphelp.dll
0x000007fefcf10000 - 0x000007fefcf27000 	C:\Windows\system32\CRYPTSP.dll
0x000007fefcbd0000 - 0x000007fefcc17000 	C:\Windows\system32\rsaenh.dll
0x000007fefc2f0000 - 0x000007fefc30e000 	C:\Windows\system32\USERENV.dll
0x000007fefd640000 - 0x000007fefd64f000 	C:\Windows\system32\profapi.dll
0x000007fefd510000 - 0x000007fefd51f000 	C:\Windows\system32\CRYPTBASE.dll
0x000007fefb420000 - 0x000007fefb435000 	C:\Windows\system32\NLAapi.dll
0x000007fef73c0000 - 0x000007fef73d5000 	C:\Windows\system32\napinsp.dll
0x000007fef73a0000 - 0x000007fef73b9000 	C:\Windows\system32\pnrpnsp.dll
0x000007fefccf0000 - 0x000007fefcd4b000 	C:\Windows\system32\DNSAPI.dll
0x000007fef7390000 - 0x000007fef739b000 	C:\Windows\System32\winrnr.dll
0x000007fef7380000 - 0x000007fef7390000 	C:\Windows\system32\wshbth.dll
0x000007fefaab0000 - 0x000007fefaad7000 	C:\Windows\system32\IPHLPAPI.DLL
0x000007fefaaa0000 - 0x000007fefaaab000 	C:\Windows\system32\WINNSI.DLL
0x000007fef7370000 - 0x000007fef7378000 	C:\Windows\system32\rasadhlp.dll
0x000007fefa9a0000 - 0x000007fefa9f3000 	C:\Windows\System32\fwpuclnt.dll
0x0000000074050000 - 0x000000007405b000 	D:\JavaTools\JDK\jdk1.7_11x64\jre\bin\management.dll
0x000007feee020000 - 0x000007feee145000 	C:\Windows\system32\dbghelp.dll

VM Arguments:
jvm_args: -Xdebug -Xnoagent -Djava.compiler=NONE -Xrunjdwp:transport=dt_socket,address=4000,server=y,suspend=n -Dclassworlds.conf=D:\JavaTools\Maven\apache-maven-3.0.5\bin\..\bin\m2.conf -Dmaven.home=D:\JavaTools\Maven\apache-maven-3.0.5\bin\.. 
java_command: org.codehaus.plexus.classworlds.launcher.Launcher prepare-package -D jetty.port=8080 jetty:run
Launcher Type: SUN_STANDARD

Environment Variables:
JAVA_HOME=D:\JavaTools\JDK\jdk1.7_11x64
CLASSPATH=.;D:\JavaTools\JDK\jdk1.7_11x64/lib/dt.jar;D:\JavaTools\JDK\jdk1.7_11x64/lib/tools.jar
PATH=D:/JavaTools/JDK/jdk1.7_11x64/bin/../jre/bin/server;D:/JavaTools/JDK/jdk1.7_11x64/bin/../jre/bin;D:/JavaTools/JDK/jdk1.7_11x64/bin/../jre/lib/amd64;D:\JavaTools\Ant\apache-ant-1.9.4/bin;D:\JavaTools\Maven\apache-maven-3.0.5/bin;D:\JavaTools\JDK\jdk1.7_11x64/bin;C:\Program Files (x86)\Intel\iCLS Client\;C:\Program Files\Intel\iCLS Client\;C:\Windows\system32;C:\Windows;C:\Windows\System32\Wbem;C:\Windows\System32\WindowsPowerShell\v1.0\;C:\Program Files\Intel\Intel(R) Management Engine Components\DAL;C:\Program Files\Intel\Intel(R) Management Engine Components\IPT;C:\Program Files (x86)\Intel\Intel(R) Management Engine Components\DAL;C:\Program Files (x86)\Intel\Intel(R) Management Engine Components\IPT;C:\Program Files (x86)\Intel\OpenCL SDK\2.0\bin\x86;C:\Program Files (x86)\Intel\OpenCL SDK\2.0\bin\x64;C:\Program Files\ThinkPad\Bluetooth Software\;C:\Program Files\ThinkPad\Bluetooth Software\syswow64;C:\Program Files\TortoiseSVN\bin;D:\Program Files\Microsoft SQL Server\110\DTS\Binn\;D:\Program Files (x86)\Microsoft SQL Server\110\Tools\Binn\;D:\Program Files\Microsoft SQL Server\110\Tools\Binn\;D:\Program Files (x86)\Microsoft SQL Server\110\Tools\Binn\ManagementStudio\;C:\Program Files (x86)\Microsoft Visual Studio 10.0\Common7\IDE\PrivateAssemblies\;D:\Program Files (x86)\Microsoft SQL Server\110\DTS\Binn\;c:\Program Files (x86)\Microsoft SQL Server\90\Tools\binn\;C:\Program Files\Intel\WiFi\bin\;C:\Program Files\Common Files\Intel\WirelessCommon\;C:\Program Files\Microsoft\Web Platform Installer\;C:\Program Files (x86)\Microsoft ASP.NET\ASP.NET Web Pages\v1.0\;C:\Program Files (x86)\Windows Kits\8.0\Windows Performance Toolkit\;C:\Program Files (x86)\MySQL\MySQL Fabric 1.5.3 & MySQL Utilities 1.5.3 1.5\;C:\Program Files (x86)\MySQL\MySQL Fabric 1.5.3 & MySQL Utilities 1.5.3 1.5\Doctrine extensions for PHP\;C:\Program Files\Intel\WiFi\bin\;C:\Program Files\Common Files\Intel\WirelessCommon\;D:\JavaTools\Eclipse\EclipseHelios;
USERNAME=aqin2
OS=Windows_NT
PROCESSOR_IDENTIFIER=Intel64 Family 6 Model 42 Stepping 7, GenuineIntel



---------------  S Y S T E M  ---------------

OS: Windows 7 , 64 bit Build 7601 Service Pack 1

CPU:total 4 (2 cores per cpu, 2 threads per core) family 6 model 42 stepping 7, cmov, cx8, fxsr, mmx, sse, sse2, sse3, ssse3, sse4.1, sse4.2, popcnt, avx, ht, tsc, tscinvbit

Memory: 4k page, physical 8269040k(1695444k free), swap 16536216k(6376308k free)

vm_info: Java HotSpot(TM) 64-Bit Server VM (23.6-b04) for windows-amd64 JRE (1.7.0_11-b21), built on Jan 12 2013 02:38:42 by "java_re" with unknown MS VC++:1600

time: Sun Dec 21 21:07:18 2014
elapsed time: 10806 seconds

